[2023-06-21 15:44:15,022] multiqc                                            [DEBUG  ]  This is MultiQC v1.13
[2023-06-21 15:44:15,024] multiqc                                            [DEBUG  ]  Loading config settings from: multiqc_config.yml
[2023-06-21 15:44:15,025] multiqc                                            [DEBUG  ]  New config: {'report_comment': 'This report has been generated by the <a href="https://github.com/nf-core/hlatyping" target="_blank">nf-core/hlatyping</a> analysis pipeline. For information about how to interpret these results, please see the <a href="https://nf-co.re/hlatyping" target="_blank">documentation</a>.\n', 'report_section_order': {'nf-core-hlatyping-methods-description': {'order': -1000}, 'software_versions': {'order': -1001}, 'nf-core-hlatyping-summary': {'order': -1002}}, 'export_plots': True}
[2023-06-21 15:44:15,027] multiqc                                            [DEBUG  ]  Loading config settings from: multiqc_config.yml
[2023-06-21 15:44:15,027] multiqc                                            [DEBUG  ]  New config: {'report_comment': 'This report has been generated by the <a href="https://github.com/nf-core/hlatyping" target="_blank">nf-core/hlatyping</a> analysis pipeline. For information about how to interpret these results, please see the <a href="https://nf-co.re/hlatyping" target="_blank">documentation</a>.\n', 'report_section_order': {'nf-core-hlatyping-methods-description': {'order': -1000}, 'software_versions': {'order': -1001}, 'nf-core-hlatyping-summary': {'order': -1002}}, 'export_plots': True}
[2023-06-21 15:44:15,028] multiqc                                            [DEBUG  ]  Loading config settings from: multiqc_optitype_config.yml
[2023-06-21 15:44:15,028] multiqc                                            [DEBUG  ]  New config: {'table_columns_visible': {'OptiType': True}}
[2023-06-21 15:44:15,028] multiqc                                            [DEBUG  ]  Command used: /usr/local/bin/multiqc --force --config multiqc_config.yml --config multiqc_optitype_config.yml .
[2023-06-21 15:44:15,750] multiqc                                            [WARNING]  MultiQC Version v1.14 now available!
[2023-06-21 15:44:15,751] multiqc                                            [DEBUG  ]  Working dir : /media/gedac/kane/projects/booney_wes/work/d7/1d7353e871053064650d8ef3f530fd
[2023-06-21 15:44:15,751] multiqc                                            [DEBUG  ]  Template    : default
[2023-06-21 15:44:15,751] multiqc                                            [DEBUG  ]  Running Python 3.10.6 | packaged by conda-forge | (main, Aug 22 2022, 20:35:26) [GCC 10.4.0]
[2023-06-21 15:44:15,752] multiqc                                            [DEBUG  ]  Analysing modules: custom_content, ccs, ngsderive, purple, conpair, lima, peddy, somalier, methylQA, mosdepth, phantompeakqualtools, qualimap, preseq, quast, qorts, rna_seqc, rockhopper, rsem, rseqc, busco, bustools, goleft_indexcov, gffcompare, disambiguate, supernova, deeptools, sargasso, verifybamid, mirtrace, happy, mirtop, sambamba, homer, hops, macs2, theta2, snpeff, gatk, htseq, bcftools, featureCounts, fgbio, dragen, dedup, pbmarkdup, damageprofiler, biobambam2, jcvi, mtnucratio, picard, vep, sentieon, prokka, qc3C, nanostat, samblaster, samtools, sexdeterrmine, eigenstratdatabasetools, bamtools, jellyfish, vcftools, longranger, stacks, varscan2, snippy, bbmap, bismark, biscuit, hicexplorer, hicup, hicpro, salmon, kallisto, slamdunk, star, hisat2, tophat, bowtie2, bowtie1, snpsplit, odgi, pangolin, kat, leehom, adapterRemoval, clipandmerge, cutadapt, flexbar, kaiju, kraken, malt, trimmomatic, sickle, skewer, sortmerna, biobloomtools, fastq_screen, afterqc, fastp, fastqc, pychopper, pycoqc, minionqc, multivcfanalyzer, clusterflow, checkqc, bcl2fastq, bclconvert, interop, ivar, flash, seqyclean, optitype, whatshap
[2023-06-21 15:44:15,753] multiqc                                            [DEBUG  ]  Using temporary directory for creating report: /tmp/tmp9tv5eixq
[2023-06-21 15:44:16,209] multiqc                                            [INFO   ]  Search path : /media/gedac/kane/projects/booney_wes/work/d7/1d7353e871053064650d8ef3f530fd
[2023-06-21 15:44:16,994] multiqc                                            [DEBUG  ]  Summary of files that were skipped by the search: [skipped_no_match: 50] // [skipped_ignore_pattern: 40] // [skipped_module_specific_max_filesize: 5]
[2023-06-21 15:44:18,655] multiqc.plots.bargraph                             [DEBUG  ]  Using matplotlib version 3.5.3
[2023-06-21 15:44:18,666] multiqc.plots.linegraph                            [DEBUG  ]  Using matplotlib version 3.5.3
[2023-06-21 15:44:18,697] multiqc.modules.custom_content.custom_content      [INFO   ]  software_versions: Found 1 sample (html)
[2023-06-21 15:44:18,697] multiqc.modules.custom_content.custom_content      [INFO   ]  nf-core-hlatyping-methods-description: Found 1 sample (html)
[2023-06-21 15:44:18,697] multiqc.modules.custom_content.custom_content      [INFO   ]  nf-core-hlatyping-summary: Found 1 sample (html)
[2023-06-21 15:44:20,539] multiqc.modules.fastqc.fastqc                      [INFO   ]  Found 80 reports
[2023-06-21 15:44:48,083] multiqc.modules.optitype.optitype                  [INFO   ]  Found 40 reports
[2023-06-21 15:44:50,582] multiqc                                            [DEBUG  ]  Reordering sections: anchor 'nf-core-hlatyping-methods-description' not found for module 'FastQC'.
[2023-06-21 15:44:50,582] multiqc                                            [DEBUG  ]  Reordering sections: anchor 'software_versions' not found for module 'FastQC'.
[2023-06-21 15:44:50,582] multiqc                                            [DEBUG  ]  Reordering sections: anchor 'nf-core-hlatyping-summary' not found for module 'FastQC'.
[2023-06-21 15:44:50,582] multiqc                                            [DEBUG  ]  Reordering sections: anchor 'nf-core-hlatyping-methods-description' not found for module 'OptiType'.
[2023-06-21 15:44:50,583] multiqc                                            [DEBUG  ]  Reordering sections: anchor 'software_versions' not found for module 'OptiType'.
[2023-06-21 15:44:50,583] multiqc                                            [DEBUG  ]  Reordering sections: anchor 'nf-core-hlatyping-summary' not found for module 'OptiType'.
[2023-06-21 15:44:50,583] multiqc                                            [DEBUG  ]  Reordering sections: anchor 'nf-core-hlatyping-methods-description' not found for module 'nf-core/hlatyping Methods Description'.
[2023-06-21 15:44:50,583] multiqc                                            [DEBUG  ]  Reordering sections: anchor 'software_versions' not found for module 'nf-core/hlatyping Methods Description'.
[2023-06-21 15:44:50,583] multiqc                                            [DEBUG  ]  Reordering sections: anchor 'nf-core-hlatyping-summary' not found for module 'nf-core/hlatyping Methods Description'.
[2023-06-21 15:44:50,583] multiqc                                            [DEBUG  ]  Reordering sections: anchor 'nf-core-hlatyping-methods-description' not found for module 'nf-core/hlatyping Software Versions'.
[2023-06-21 15:44:50,583] multiqc                                            [DEBUG  ]  Reordering sections: anchor 'software_versions' not found for module 'nf-core/hlatyping Software Versions'.
[2023-06-21 15:44:50,583] multiqc                                            [DEBUG  ]  Reordering sections: anchor 'nf-core-hlatyping-summary' not found for module 'nf-core/hlatyping Software Versions'.
[2023-06-21 15:44:50,583] multiqc                                            [DEBUG  ]  Reordering sections: anchor 'nf-core-hlatyping-methods-description' not found for module 'nf-core/hlatyping Workflow Summary'.
[2023-06-21 15:44:50,583] multiqc                                            [DEBUG  ]  Reordering sections: anchor 'software_versions' not found for module 'nf-core/hlatyping Workflow Summary'.
[2023-06-21 15:44:50,583] multiqc                                            [DEBUG  ]  Reordering sections: anchor 'nf-core-hlatyping-summary' not found for module 'nf-core/hlatyping Workflow Summary'.
[2023-06-21 15:44:50,746] multiqc                                            [INFO   ]  Compressing plot data
[2023-06-21 15:44:52,810] multiqc                                            [INFO   ]  Report      : multiqc_report.html
[2023-06-21 15:44:52,811] multiqc                                            [INFO   ]  Data        : multiqc_data
[2023-06-21 15:44:52,811] multiqc                                            [DEBUG  ]  Moving data file from '/tmp/tmp9tv5eixq/multiqc_data' to '/media/gedac/kane/projects/booney_wes/work/d7/1d7353e871053064650d8ef3f530fd/multiqc_data'
[2023-06-21 15:44:52,841] multiqc                                            [INFO   ]  Plots       : multiqc_plots
[2023-06-21 15:44:52,841] multiqc                                            [DEBUG  ]  Moving plots directory from '/tmp/tmp9tv5eixq/multiqc_plots' to '/media/gedac/kane/projects/booney_wes/work/d7/1d7353e871053064650d8ef3f530fd/multiqc_plots'
[2023-06-21 15:44:53,020] multiqc                                            [INFO   ]  MultiQC complete
