This is pdfTeX, Version 3.141592653-2.6-1.40.24 (TeX Live 2022) (preloaded format=pdflatex 2023.2.22)  16 JAN 2024 11:41
entering extended mode
 restricted \write18 enabled.
 %&-line parsing enabled.
**results_discussion.tex
(./results_discussion.tex
LaTeX2e <2022-11-01> patch level 1
L3 programming layer <2023-02-07> (/home/kane/.TinyTeX/texmf-dist/tex/latex/base/article.cls
Document Class: article 2022/07/02 v1.4n Standard LaTeX document class
(/home/kane/.TinyTeX/texmf-dist/tex/latex/base/size10.clo
File: size10.clo 2022/07/02 v1.4n Standard LaTeX file (size option)
)
\c@part=\count185
\c@section=\count186
\c@subsection=\count187
\c@subsubsection=\count188
\c@paragraph=\count189
\c@subparagraph=\count190
\c@figure=\count191
\c@table=\count192
\abovecaptionskip=\skip48
\belowcaptionskip=\skip49
\bibindent=\dimen140
) (/home/kane/.TinyTeX/texmf-dist/tex/latex/amsmath/amsmath.sty
Package: amsmath 2022/04/08 v2.17n AMS math features
\@mathmargin=\skip50
For additional information on amsmath, use the `?' option.
(/home/kane/.TinyTeX/texmf-dist/tex/latex/amsmath/amstext.sty
Package: amstext 2021/08/26 v2.01 AMS text
(/home/kane/.TinyTeX/texmf-dist/tex/latex/amsmath/amsgen.sty
File: amsgen.sty 1999/11/30 v2.0 generic functions
\@emptytoks=\toks16
\ex@=\dimen141
)) (/home/kane/.TinyTeX/texmf-dist/tex/latex/amsmath/amsbsy.sty
Package: amsbsy 1999/11/29 v1.2d Bold Symbols
\pmbraise@=\dimen142
) (/home/kane/.TinyTeX/texmf-dist/tex/latex/amsmath/amsopn.sty
Package: amsopn 2022/04/08 v2.04 operator names
)
\inf@bad=\count193
LaTeX Info: Redefining \frac on input line 234.
\uproot@=\count194
\leftroot@=\count195
LaTeX Info: Redefining \overline on input line 399.
LaTeX Info: Redefining \colon on input line 410.
\classnum@=\count196
\DOTSCASE@=\count197
LaTeX Info: Redefining \ldots on input line 496.
LaTeX Info: Redefining \dots on input line 499.
LaTeX Info: Redefining \cdots on input line 620.
\Mathstrutbox@=\box51
\strutbox@=\box52
LaTeX Info: Redefining \big on input line 722.
LaTeX Info: Redefining \Big on input line 723.
LaTeX Info: Redefining \bigg on input line 724.
LaTeX Info: Redefining \Bigg on input line 725.
\big@size=\dimen143
LaTeX Font Info:    Redeclaring font encoding OML on input line 743.
LaTeX Font Info:    Redeclaring font encoding OMS on input line 744.
\macc@depth=\count198
LaTeX Info: Redefining \bmod on input line 905.
LaTeX Info: Redefining \pmod on input line 910.
LaTeX Info: Redefining \smash on input line 940.
LaTeX Info: Redefining \relbar on input line 970.
LaTeX Info: Redefining \Relbar on input line 971.
\c@MaxMatrixCols=\count199
\dotsspace@=\muskip16
\c@parentequation=\count266
\dspbrk@lvl=\count267
\tag@help=\toks17
\row@=\count268
\column@=\count269
\maxfields@=\count270
\andhelp@=\toks18
\eqnshift@=\dimen144
\alignsep@=\dimen145
\tagshift@=\dimen146
\tagwidth@=\dimen147
\totwidth@=\dimen148
\lineht@=\dimen149
\@envbody=\toks19
\multlinegap=\skip51
\multlinetaggap=\skip52
\mathdisplay@stack=\toks20
LaTeX Info: Redefining \[ on input line 2953.
LaTeX Info: Redefining \] on input line 2954.
) (/home/kane/.TinyTeX/texmf-dist/tex/latex/amsfonts/amssymb.sty
Package: amssymb 2013/01/14 v3.01 AMS font symbols
(/home/kane/.TinyTeX/texmf-dist/tex/latex/amsfonts/amsfonts.sty
Package: amsfonts 2013/01/14 v3.01 Basic AMSFonts support
\symAMSa=\mathgroup4
\symAMSb=\mathgroup5
LaTeX Font Info:    Redeclaring math symbol \hbar on input line 98.
LaTeX Font Info:    Overwriting math alphabet `\mathfrak' in version `bold'
(Font)                  U/euf/m/n --> U/euf/b/n on input line 106.
)) (/home/kane/.TinyTeX/texmf-dist/tex/generic/iftex/iftex.sty
Package: iftex 2022/02/03 v1.0f TeX engine tests
) (/home/kane/.TinyTeX/texmf-dist/tex/latex/base/fontenc.sty
Package: fontenc 2021/04/29 v2.0v Standard LaTeX package
) (/home/kane/.TinyTeX/texmf-dist/tex/latex/base/inputenc.sty
Package: inputenc 2021/02/14 v1.3d Input encoding file
\inpenc@prehook=\toks21
\inpenc@posthook=\toks22
) (/home/kane/.TinyTeX/texmf-dist/tex/latex/base/textcomp.sty
Package: textcomp 2020/02/02 v2.0n Standard LaTeX package
) (/home/kane/.TinyTeX/texmf-dist/tex/latex/lm/lmodern.sty
Package: lmodern 2015/05/01 v1.6.1 Latin Modern Fonts
LaTeX Font Info:    Overwriting symbol font `operators' in version `normal'
(Font)                  OT1/cmr/m/n --> OT1/lmr/m/n on input line 22.
LaTeX Font Info:    Overwriting symbol font `letters' in version `normal'
(Font)                  OML/cmm/m/it --> OML/lmm/m/it on input line 23.
LaTeX Font Info:    Overwriting symbol font `symbols' in version `normal'
(Font)                  OMS/cmsy/m/n --> OMS/lmsy/m/n on input line 24.
LaTeX Font Info:    Overwriting symbol font `largesymbols' in version `normal'
(Font)                  OMX/cmex/m/n --> OMX/lmex/m/n on input line 25.
LaTeX Font Info:    Overwriting symbol font `operators' in version `bold'
(Font)                  OT1/cmr/bx/n --> OT1/lmr/bx/n on input line 26.
LaTeX Font Info:    Overwriting symbol font `letters' in version `bold'
(Font)                  OML/cmm/b/it --> OML/lmm/b/it on input line 27.
LaTeX Font Info:    Overwriting symbol font `symbols' in version `bold'
(Font)                  OMS/cmsy/b/n --> OMS/lmsy/b/n on input line 28.
LaTeX Font Info:    Overwriting symbol font `largesymbols' in version `bold'
(Font)                  OMX/cmex/m/n --> OMX/lmex/m/n on input line 29.
LaTeX Font Info:    Overwriting math alphabet `\mathbf' in version `normal'
(Font)                  OT1/cmr/bx/n --> OT1/lmr/bx/n on input line 31.
LaTeX Font Info:    Overwriting math alphabet `\mathsf' in version `normal'
(Font)                  OT1/cmss/m/n --> OT1/lmss/m/n on input line 32.
LaTeX Font Info:    Overwriting math alphabet `\mathit' in version `normal'
(Font)                  OT1/cmr/m/it --> OT1/lmr/m/it on input line 33.
LaTeX Font Info:    Overwriting math alphabet `\mathtt' in version `normal'
(Font)                  OT1/cmtt/m/n --> OT1/lmtt/m/n on input line 34.
LaTeX Font Info:    Overwriting math alphabet `\mathbf' in version `bold'
(Font)                  OT1/cmr/bx/n --> OT1/lmr/bx/n on input line 35.
LaTeX Font Info:    Overwriting math alphabet `\mathsf' in version `bold'
(Font)                  OT1/cmss/bx/n --> OT1/lmss/bx/n on input line 36.
LaTeX Font Info:    Overwriting math alphabet `\mathit' in version `bold'
(Font)                  OT1/cmr/bx/it --> OT1/lmr/bx/it on input line 37.
LaTeX Font Info:    Overwriting math alphabet `\mathtt' in version `bold'
(Font)                  OT1/cmtt/m/n --> OT1/lmtt/m/n on input line 38.
) (/home/kane/.TinyTeX/texmf-dist/tex/latex/xcolor/xcolor.sty
Package: xcolor 2022/06/12 v2.14 LaTeX color extensions (UK)
(/home/kane/.TinyTeX/texmf-dist/tex/latex/graphics-cfg/color.cfg
File: color.cfg 2016/01/02 v1.6 sample color configuration
)
Package xcolor Info: Driver file: pdftex.def on input line 227.
(/home/kane/.TinyTeX/texmf-dist/tex/latex/graphics-def/pdftex.def
File: pdftex.def 2022/09/22 v1.2b Graphics/color driver for pdftex
) (/home/kane/.TinyTeX/texmf-dist/tex/latex/graphics/mathcolor.ltx)
Package xcolor Info: Model `cmy' substituted by `cmy0' on input line 1353.
Package xcolor Info: Model `hsb' substituted by `rgb' on input line 1357.
Package xcolor Info: Model `RGB' extended on input line 1369.
Package xcolor Info: Model `HTML' substituted by `rgb' on input line 1371.
Package xcolor Info: Model `Hsb' substituted by `hsb' on input line 1372.
Package xcolor Info: Model `tHsb' substituted by `hsb' on input line 1373.
Package xcolor Info: Model `HSB' substituted by `hsb' on input line 1374.
Package xcolor Info: Model `Gray' substituted by `gray' on input line 1375.
Package xcolor Info: Model `wave' substituted by `hsb' on input line 1376.
(/home/kane/.TinyTeX/texmf-dist/tex/latex/graphics/dvipsnam.def
File: dvipsnam.def 2016/06/17 v3.0m Driver-dependent file (DPC,SPQR)
) (/home/kane/.TinyTeX/texmf-dist/tex/latex/xcolor/svgnam.def
File: svgnam.def 2022/06/12 v2.14 Predefined colors according to SVG 1.1 (UK)
) (/home/kane/.TinyTeX/texmf-dist/tex/latex/xcolor/x11nam.def
File: x11nam.def 2022/06/12 v2.14 Predefined colors according to Unix/X11 (UK)
)) (/home/kane/.TinyTeX/texmf-dist/tex/latex/geometry/geometry.sty
Package: geometry 2020/01/02 v5.9 Page Geometry
(/home/kane/.TinyTeX/texmf-dist/tex/latex/graphics/keyval.sty
Package: keyval 2022/05/29 v1.15 key=value parser (DPC)
\KV@toks@=\toks23
) (/home/kane/.TinyTeX/texmf-dist/tex/generic/iftex/ifvtex.sty
Package: ifvtex 2019/10/25 v1.7 ifvtex legacy package. Use iftex instead.
)
\Gm@cnth=\count271
\Gm@cntv=\count272
\c@Gm@tempcnt=\count273
\Gm@bindingoffset=\dimen150
\Gm@wd@mp=\dimen151
\Gm@odd@mp=\dimen152
\Gm@even@mp=\dimen153
\Gm@layoutwidth=\dimen154
\Gm@layoutheight=\dimen155
\Gm@layouthoffset=\dimen156
\Gm@layoutvoffset=\dimen157
\Gm@dimlist=\toks24
) (/home/kane/.TinyTeX/texmf-dist/tex/latex/tools/longtable.sty
Package: longtable 2021-09-01 v4.17 Multi-page Table package (DPC)
\LTleft=\skip53
\LTright=\skip54
\LTpre=\skip55
\LTpost=\skip56
\LTchunksize=\count274
\LTcapwidth=\dimen158
\LT@head=\box53
\LT@firsthead=\box54
\LT@foot=\box55
\LT@lastfoot=\box56
\LT@gbox=\box57
\LT@cols=\count275
\LT@rows=\count276
\c@LT@tables=\count277
\c@LT@chunks=\count278
\LT@p@ftn=\toks25
) (/home/kane/.TinyTeX/texmf-dist/tex/latex/booktabs/booktabs.sty
Package: booktabs 2020/01/12 v1.61803398 Publication quality tables
\heavyrulewidth=\dimen159
\lightrulewidth=\dimen160
\cmidrulewidth=\dimen161
\belowrulesep=\dimen162
\belowbottomsep=\dimen163
\aboverulesep=\dimen164
\abovetopsep=\dimen165
\cmidrulesep=\dimen166
\cmidrulekern=\dimen167
\defaultaddspace=\dimen168
\@cmidla=\count279
\@cmidlb=\count280
\@aboverulesep=\dimen169
\@belowrulesep=\dimen170
\@thisruleclass=\count281
\@lastruleclass=\count282
\@thisrulewidth=\dimen171
) (/home/kane/.TinyTeX/texmf-dist/tex/latex/tools/array.sty
Package: array 2022/09/04 v2.5g Tabular extension package (FMi)
\col@sep=\dimen172
\ar@mcellbox=\box58
\extrarowheight=\dimen173
\NC@list=\toks26
\extratabsurround=\skip57
\backup@length=\skip58
\ar@cellbox=\box59
) (/home/kane/.TinyTeX/texmf-dist/tex/latex/tools/calc.sty
Package: calc 2017/05/25 v4.3 Infix arithmetic (KKT,FJ)
\calc@Acount=\count283
\calc@Bcount=\count284
\calc@Adimen=\dimen174
\calc@Bdimen=\dimen175
\calc@Askip=\skip59
\calc@Bskip=\skip60
LaTeX Info: Redefining \setlength on input line 80.
LaTeX Info: Redefining \addtolength on input line 81.
\calc@Ccount=\count285
\calc@Cskip=\skip61
) (/home/kane/.TinyTeX/texmf-dist/tex/latex/etoolbox/etoolbox.sty
Package: etoolbox 2020/10/05 v2.5k e-TeX tools for LaTeX (JAW)
\etb@tempcnta=\count286
) (/home/kane/.TinyTeX/texmf-dist/tex/latex/mdwtools/footnote.sty
Package: footnote 1997/01/28 1.13 Save footnotes around boxes
\fn@notes=\box60
\fn@width=\dimen176
) (/home/kane/.TinyTeX/texmf-dist/tex/latex/graphics/graphicx.sty
Package: graphicx 2021/09/16 v1.2d Enhanced LaTeX Graphics (DPC,SPQR)
(/home/kane/.TinyTeX/texmf-dist/tex/latex/graphics/graphics.sty
Package: graphics 2022/03/10 v1.4e Standard LaTeX Graphics (DPC,SPQR)
(/home/kane/.TinyTeX/texmf-dist/tex/latex/graphics/trig.sty
Package: trig 2021/08/11 v1.11 sin cos tan (DPC)
) (/home/kane/.TinyTeX/texmf-dist/tex/latex/graphics-cfg/graphics.cfg
File: graphics.cfg 2016/06/04 v1.11 sample graphics configuration
)
Package graphics Info: Driver file: pdftex.def on input line 107.
)
\Gin@req@height=\dimen177
\Gin@req@width=\dimen178
) (/home/kane/.TinyTeX/texmf-dist/tex/latex/hyperref/hyperref.sty
Package: hyperref 2023-02-07 v7.00v Hypertext links for LaTeX
(/home/kane/.TinyTeX/texmf-dist/tex/generic/ltxcmds/ltxcmds.sty
Package: ltxcmds 2020-05-10 v1.25 LaTeX kernel commands for general use (HO)
) (/home/kane/.TinyTeX/texmf-dist/tex/generic/pdftexcmds/pdftexcmds.sty
Package: pdftexcmds 2020-06-27 v0.33 Utility functions of pdfTeX for LuaTeX (HO)
(/home/kane/.TinyTeX/texmf-dist/tex/generic/infwarerr/infwarerr.sty
Package: infwarerr 2019/12/03 v1.5 Providing info/warning/error messages (HO)
)
Package pdftexcmds Info: \pdf@primitive is available.
Package pdftexcmds Info: \pdf@ifprimitive is available.
Package pdftexcmds Info: \pdfdraftmode found.
) (/home/kane/.TinyTeX/texmf-dist/tex/latex/kvsetkeys/kvsetkeys.sty
Package: kvsetkeys 2022-10-05 v1.19 Key value parser (HO)
) (/home/kane/.TinyTeX/texmf-dist/tex/generic/kvdefinekeys/kvdefinekeys.sty
Package: kvdefinekeys 2019-12-19 v1.6 Define keys (HO)
) (/home/kane/.TinyTeX/texmf-dist/tex/generic/pdfescape/pdfescape.sty
Package: pdfescape 2019/12/09 v1.15 Implements pdfTeX's escape features (HO)
) (/home/kane/.TinyTeX/texmf-dist/tex/latex/hycolor/hycolor.sty
Package: hycolor 2020-01-27 v1.10 Color options for hyperref/bookmark (HO)
) (/home/kane/.TinyTeX/texmf-dist/tex/latex/letltxmacro/letltxmacro.sty
Package: letltxmacro 2019/12/03 v1.6 Let assignment for LaTeX macros (HO)
) (/home/kane/.TinyTeX/texmf-dist/tex/latex/auxhook/auxhook.sty
Package: auxhook 2019-12-17 v1.6 Hooks for auxiliary files (HO)
) (/home/kane/.TinyTeX/texmf-dist/tex/latex/hyperref/nameref.sty
Package: nameref 2022-05-17 v2.50 Cross-referencing by name of section
(/home/kane/.TinyTeX/texmf-dist/tex/latex/refcount/refcount.sty
Package: refcount 2019/12/15 v3.6 Data extraction from label references (HO)
) (/home/kane/.TinyTeX/texmf-dist/tex/generic/gettitlestring/gettitlestring.sty
Package: gettitlestring 2019/12/15 v1.6 Cleanup title references (HO)
(/home/kane/.TinyTeX/texmf-dist/tex/latex/kvoptions/kvoptions.sty
Package: kvoptions 2022-06-15 v3.15 Key value format for package options (HO)
))
\c@section@level=\count287
)
\@linkdim=\dimen179
\Hy@linkcounter=\count288
\Hy@pagecounter=\count289
(/home/kane/.TinyTeX/texmf-dist/tex/latex/hyperref/pd1enc.def
File: pd1enc.def 2023-02-07 v7.00v Hyperref: PDFDocEncoding definition (HO)
Now handling font encoding PD1 ...
... no UTF-8 mapping file for font encoding PD1
) (/home/kane/.TinyTeX/texmf-dist/tex/generic/intcalc/intcalc.sty
Package: intcalc 2019/12/15 v1.3 Expandable calculations with integers (HO)
) (/home/kane/.TinyTeX/texmf-dist/tex/generic/etexcmds/etexcmds.sty
Package: etexcmds 2019/12/15 v1.7 Avoid name clashes with e-TeX commands (HO)
)
\Hy@SavedSpaceFactor=\count290
(/home/kane/.TinyTeX/texmf-dist/tex/latex/hyperref/puenc.def
File: puenc.def 2023-02-07 v7.00v Hyperref: PDF Unicode definition (HO)
Now handling font encoding PU ...
... no UTF-8 mapping file for font encoding PU
)
Package hyperref Info: Option `unicode' set `true' on input line 4060.
Package hyperref Info: Hyper figures OFF on input line 4177.
Package hyperref Info: Link nesting OFF on input line 4182.
Package hyperref Info: Hyper index ON on input line 4185.
Package hyperref Info: Plain pages OFF on input line 4192.
Package hyperref Info: Backreferencing OFF on input line 4197.
Package hyperref Info: Implicit mode ON; LaTeX internals redefined.
Package hyperref Info: Bookmarks ON on input line 4425.
\c@Hy@tempcnt=\count291
(/home/kane/.TinyTeX/texmf-dist/tex/latex/url/url.sty
\Urlmuskip=\muskip17
Package: url 2013/09/16  ver 3.4  Verb mode for urls, etc.
)
LaTeX Info: Redefining \url on input line 4763.
\XeTeXLinkMargin=\dimen180
(/home/kane/.TinyTeX/texmf-dist/tex/generic/bitset/bitset.sty
Package: bitset 2019/12/09 v1.3 Handle bit-vector datatype (HO)
(/home/kane/.TinyTeX/texmf-dist/tex/generic/bigintcalc/bigintcalc.sty
Package: bigintcalc 2019/12/15 v1.5 Expandable calculations on big integers (HO)
))
\Fld@menulength=\count292
\Field@Width=\dimen181
\Fld@charsize=\dimen182
Package hyperref Info: Hyper figures OFF on input line 6042.
Package hyperref Info: Link nesting OFF on input line 6047.
Package hyperref Info: Hyper index ON on input line 6050.
Package hyperref Info: backreferencing OFF on input line 6057.
Package hyperref Info: Link coloring OFF on input line 6062.
Package hyperref Info: Link coloring with OCG OFF on input line 6067.
Package hyperref Info: PDF/A mode OFF on input line 6072.
(/home/kane/.TinyTeX/texmf-dist/tex/latex/base/atbegshi-ltx.sty
Package: atbegshi-ltx 2021/01/10 v1.0c Emulation of the original atbegshi
package with kernel methods
)
\Hy@abspage=\count293
\c@Item=\count294
\c@Hfootnote=\count295
)
Package hyperref Info: Driver (autodetected): hpdftex.
(/home/kane/.TinyTeX/texmf-dist/tex/latex/hyperref/hpdftex.def
File: hpdftex.def 2023-02-07 v7.00v Hyperref driver for pdfTeX
(/home/kane/.TinyTeX/texmf-dist/tex/latex/base/atveryend-ltx.sty
Package: atveryend-ltx 2020/08/19 v1.0a Emulation of the original atveryend package
with kernel methods
)
\Fld@listcount=\count296
\c@bookmark@seq@number=\count297
(/home/kane/.TinyTeX/texmf-dist/tex/latex/rerunfilecheck/rerunfilecheck.sty
Package: rerunfilecheck 2022-07-10 v1.10 Rerun checks for auxiliary files (HO)
(/home/kane/.TinyTeX/texmf-dist/tex/generic/uniquecounter/uniquecounter.sty
Package: uniquecounter 2019/12/15 v1.4 Provide unlimited unique counter (HO)
)
Package uniquecounter Info: New unique counter `rerunfilecheck' on input line 285.
)
\Hy@SectionHShift=\skip62
)
Package hyperref Info: Option `colorlinks' set `true' on input line 82.
LaTeX Font Info:    Trying to load font information for T1+lmr on input line 88.
(/home/kane/.TinyTeX/texmf-dist/tex/latex/lm/t1lmr.fd
File: t1lmr.fd 2015/05/01 v1.6.1 Font defs for Latin Modern
) (/home/kane/.TinyTeX/texmf-dist/tex/latex/l3backend/l3backend-pdftex.def
File: l3backend-pdftex.def 2023-01-16 L3 backend support: PDF output (pdfTeX)
\l__color_backend_stack_int=\count298
\l__pdf_internal_box=\box61
) (./results_discussion.aux)
\openout1 = `results_discussion.aux'.

LaTeX Font Info:    Checking defaults for OML/cmm/m/it on input line 88.
LaTeX Font Info:    ... okay on input line 88.
LaTeX Font Info:    Checking defaults for OMS/cmsy/m/n on input line 88.
LaTeX Font Info:    ... okay on input line 88.
LaTeX Font Info:    Checking defaults for OT1/cmr/m/n on input line 88.
LaTeX Font Info:    ... okay on input line 88.
LaTeX Font Info:    Checking defaults for T1/cmr/m/n on input line 88.
LaTeX Font Info:    ... okay on input line 88.
LaTeX Font Info:    Checking defaults for TS1/cmr/m/n on input line 88.
LaTeX Font Info:    ... okay on input line 88.
LaTeX Font Info:    Checking defaults for OMX/cmex/m/n on input line 88.
LaTeX Font Info:    ... okay on input line 88.
LaTeX Font Info:    Checking defaults for U/cmr/m/n on input line 88.
LaTeX Font Info:    ... okay on input line 88.
LaTeX Font Info:    Checking defaults for PD1/pdf/m/n on input line 88.
LaTeX Font Info:    ... okay on input line 88.
LaTeX Font Info:    Checking defaults for PU/pdf/m/n on input line 88.
LaTeX Font Info:    ... okay on input line 88.
(/home/kane/.TinyTeX/texmf-dist/tex/latex/epstopdf-pkg/epstopdf-base.sty
Package: epstopdf-base 2020-01-24 v2.11 Base part for package epstopdf
Package epstopdf-base Info: Redefining graphics rule for `.eps' on input line 485.
(/home/kane/.TinyTeX/texmf-dist/tex/latex/latexconfig/epstopdf-sys.cfg
File: epstopdf-sys.cfg 2010/07/13 v1.3 Configuration of (r)epstopdf for TeX Live
))
*geometry* driver: auto-detecting
*geometry* detected driver: pdftex
*geometry* verbose mode - [ preamble ] result:
* driver: pdftex
* paper: <default>
* layout: <same size as paper>
* layoutoffset:(h,v)=(0.0pt,0.0pt)
* modes: 
* h-part:(L,W,R)=(72.26999pt, 469.75502pt, 72.26999pt)
* v-part:(T,H,B)=(72.26999pt, 650.43001pt, 72.26999pt)
* \paperwidth=614.295pt
* \paperheight=794.96999pt
* \textwidth=469.75502pt
* \textheight=650.43001pt
* \oddsidemargin=0.0pt
* \evensidemargin=0.0pt
* \topmargin=-37.0pt
* \headheight=12.0pt
* \headsep=25.0pt
* \topskip=10.0pt
* \footskip=30.0pt
* \marginparwidth=65.0pt
* \marginparsep=11.0pt
* \columnsep=10.0pt
* \skip\footins=9.0pt plus 4.0pt minus 2.0pt
* \hoffset=0.0pt
* \voffset=0.0pt
* \mag=1000
* \@twocolumnfalse
* \@twosidefalse
* \@mparswitchfalse
* \@reversemarginfalse
* (1in=72.27pt=25.4mm, 1cm=28.453pt)

Package hyperref Info: Link coloring ON on input line 88.
(./results_discussion.out) (./results_discussion.out)
\@outlinefile=\write3
\openout3 = `results_discussion.out'.

LaTeX Font Info:    Trying to load font information for OT1+lmr on input line 90.
(/home/kane/.TinyTeX/texmf-dist/tex/latex/lm/ot1lmr.fd
File: ot1lmr.fd 2015/05/01 v1.6.1 Font defs for Latin Modern
)
LaTeX Font Info:    Trying to load font information for OML+lmm on input line 90.
(/home/kane/.TinyTeX/texmf-dist/tex/latex/lm/omllmm.fd
File: omllmm.fd 2015/05/01 v1.6.1 Font defs for Latin Modern
)
LaTeX Font Info:    Trying to load font information for OMS+lmsy on input line 90.
(/home/kane/.TinyTeX/texmf-dist/tex/latex/lm/omslmsy.fd
File: omslmsy.fd 2015/05/01 v1.6.1 Font defs for Latin Modern
)
LaTeX Font Info:    Trying to load font information for OMX+lmex on input line 90.
(/home/kane/.TinyTeX/texmf-dist/tex/latex/lm/omxlmex.fd
File: omxlmex.fd 2015/05/01 v1.6.1 Font defs for Latin Modern
)
LaTeX Font Info:    External font `lmex10' loaded for size
(Font)              <12> on input line 90.
LaTeX Font Info:    External font `lmex10' loaded for size
(Font)              <8> on input line 90.
LaTeX Font Info:    External font `lmex10' loaded for size
(Font)              <6> on input line 90.
LaTeX Font Info:    Trying to load font information for U+msa on input line 90.
(/home/kane/.TinyTeX/texmf-dist/tex/latex/amsfonts/umsa.fd
File: umsa.fd 2013/01/14 v3.01 AMS symbols A
)
LaTeX Font Info:    Trying to load font information for U+msb on input line 90.
(/home/kane/.TinyTeX/texmf-dist/tex/latex/amsfonts/umsb.fd
File: umsb.fd 2013/01/14 v3.01 AMS symbols B
)
LaTeX Font Info:    Trying to load font information for TS1+lmr on input line 90.
(/home/kane/.TinyTeX/texmf-dist/tex/latex/lm/ts1lmr.fd
File: ts1lmr.fd 2015/05/01 v1.6.1 Font defs for Latin Modern
)
LaTeX Font Info:    External font `lmex10' loaded for size
(Font)              <5> on input line 90.
(./results_discussion.toc
LaTeX Font Info:    External font `lmex10' loaded for size
(Font)              <10> on input line 2.
LaTeX Font Info:    External font `lmex10' loaded for size
(Font)              <7> on input line 2.
)
\tf@toc=\write4
\openout4 = `results_discussion.toc'.

LaTeX Font Info:    Trying to load font information for T1+lmtt on input line 104.
(/home/kane/.TinyTeX/texmf-dist/tex/latex/lm/t1lmtt.fd
File: t1lmtt.fd 2015/05/01 v1.6.1 Font defs for Latin Modern
) [1

{/home/kane/.TinyTeX/texmf-var/fonts/map/pdftex/updmap/pdftex.map}] [2]
<../results/combined_batches_wes/vcfstats_combined_all.png, id=104, 1445.4pt x 1300.86pt>
File: ../results/combined_batches_wes/vcfstats_combined_all.png Graphic file (type png)
<use ../results/combined_batches_wes/vcfstats_combined_all.png>
Package pdftex.def Info: ../results/combined_batches_wes/vcfstats_combined_all.png  used on input line 164.
(pdftex.def)             Requested size: 469.74944pt x 422.77449pt.
[3 <../results/combined_batches_wes/vcfstats_combined_all.png (PNG copy)>]
<../results/combined_batches_wes/tcga_upset_allGenes.png, id=116, 1084.05pt x 867.24pt>
File: ../results/combined_batches_wes/tcga_upset_allGenes.png Graphic file (type png)
<use ../results/combined_batches_wes/tcga_upset_allGenes.png>
Package pdftex.def Info: ../results/combined_batches_wes/tcga_upset_allGenes.png  used on input line 184.
(pdftex.def)             Requested size: 469.75496pt x 375.80397pt.
<../results/combined_batches_wes/tcga_upset_cosmic_genes.png, id=117, 1084.05pt x 867.24pt>
File: ../results/combined_batches_wes/tcga_upset_cosmic_genes.png Graphic file (type png)
<use ../results/combined_batches_wes/tcga_upset_cosmic_genes.png>
Package pdftex.def Info: ../results/combined_batches_wes/tcga_upset_cosmic_genes.png  used on input line 193.
(pdftex.def)             Requested size: 469.75496pt x 375.80397pt.
<../results/combined_batches_wes/tcga_co_oncoplot.png, id=118, 1011.78pt x 578.16pt>
File: ../results/combined_batches_wes/tcga_co_oncoplot.png Graphic file (type png)
<use ../results/combined_batches_wes/tcga_co_oncoplot.png>
Package pdftex.def Info: ../results/combined_batches_wes/tcga_co_oncoplot.png  used on input line 202.
(pdftex.def)             Requested size: 469.76266pt x 268.4358pt.
<../results/combined_batches_wes/tcgaCompare_tmb.png, id=119, 867.24pt x 867.24pt>
File: ../results/combined_batches_wes/tcgaCompare_tmb.png Graphic file (type png)
<use ../results/combined_batches_wes/tcgaCompare_tmb.png>
Package pdftex.def Info: ../results/combined_batches_wes/tcgaCompare_tmb.png  used on input line 211.
(pdftex.def)             Requested size: 469.75827pt x 469.75827pt.
[4 <../results/combined_batches_wes/tcga_upset_allGenes.png>] [5 <../results/combined_batches_wes/tcga_upset_cosmic_genes.png>]
<../results/combined_batches_wes/wes_sanger_comparison.png, id=135, 578.16pt x 722.7pt>
File: ../results/combined_batches_wes/wes_sanger_comparison.png Graphic file (type png)
<use ../results/combined_batches_wes/wes_sanger_comparison.png>
Package pdftex.def Info: ../results/combined_batches_wes/wes_sanger_comparison.png  used on input line 241.
(pdftex.def)             Requested size: 469.75385pt x 587.1923pt.
<../results/combined_batches_wes/oncoplot_cosmic_snp_indel.png, id=137, 867.24pt x 1228.59pt>
File: ../results/combined_batches_wes/oncoplot_cosmic_snp_indel.png Graphic file (type png)
<use ../results/combined_batches_wes/oncoplot_cosmic_snp_indel.png>
Package pdftex.def Info: ../results/combined_batches_wes/oncoplot_cosmic_snp_indel.png  used on input line 258.
(pdftex.def)             Requested size: 459.13217pt x 650.43723pt.

LaTeX Warning: Float too large for page by 24.50722pt on input line 263.

<../results/combined_batches_wes/unsupervised_clustering_snps_indels_shortName.png, id=139, 1084.05pt x 722.7pt>
File: ../results/combined_batches_wes/unsupervised_clustering_snps_indels_shortName.png Graphic file (type png)
<use ../results/combined_batches_wes/unsupervised_clustering_snps_indels_shortName.png>
Package pdftex.def Info: ../results/combined_batches_wes/unsupervised_clustering_snps_indels_shortName.png  used on input line 278.
(pdftex.def)             Requested size: 469.75496pt x 313.16995pt.
[6 <../results/combined_batches_wes/tcga_co_oncoplot.png (PNG copy)>] [7 <../results/combined_batches_wes/tcgaCompare_tmb.png (PNG copy)>] [8 <../results/combined_batches_wes/wes_sanger_comparison.png (PNG copy)>] [9 <../results/combined_batches_wes/oncoplot_cosmic_snp_indel.png (PNG copy)>] [10 <../results/combined_batches_wes/unsupervised_clustering_snps_indels_shortName.png (PNG copy)>]
<../results/combined_batches_wes/oncoplot_CN.png, id=170, 867.24pt x 1300.86pt>
File: ../results/combined_batches_wes/oncoplot_CN.png Graphic file (type png)
<use ../results/combined_batches_wes/oncoplot_CN.png>
Package pdftex.def Info: ../results/combined_batches_wes/oncoplot_CN.png  used on input line 294.
(pdftex.def)             Requested size: 433.63217pt x 650.44826pt.

LaTeX Warning: Float too large for page by 24.51825pt on input line 299.

<../results/combined_batches_wes/oncoplot_CN_cosmic.png, id=171, 867.24pt x 1228.59pt>
File: ../results/combined_batches_wes/oncoplot_CN_cosmic.png Graphic file (type png)
<use ../results/combined_batches_wes/oncoplot_CN_cosmic.png>
Package pdftex.def Info: ../results/combined_batches_wes/oncoplot_CN_cosmic.png  used on input line 303.
(pdftex.def)             Requested size: 459.13217pt x 650.43723pt.

LaTeX Warning: Float too large for page by 24.50722pt on input line 308.

<../results/combined_batches_wes/tmb_tissueOnly.png, id=174, 867.24pt x 867.24pt>
File: ../results/combined_batches_wes/tmb_tissueOnly.png Graphic file (type png)
<use ../results/combined_batches_wes/tmb_tissueOnly.png>
Package pdftex.def Info: ../results/combined_batches_wes/tmb_tissueOnly.png  used on input line 319.
(pdftex.def)             Requested size: 469.75827pt x 469.75827pt.
<../results/combined_batches_wes/tmb_OrganoidOnly.png, id=175, 867.24pt x 867.24pt>
File: ../results/combined_batches_wes/tmb_OrganoidOnly.png Graphic file (type png)
<use ../results/combined_batches_wes/tmb_OrganoidOnly.png>
Package pdftex.def Info: ../results/combined_batches_wes/tmb_OrganoidOnly.png  used on input line 328.
(pdftex.def)             Requested size: 469.75827pt x 469.75827pt.
<../results/combined_batches_wes/msisensor.png, id=177, 867.24pt x 1300.86pt>
File: ../results/combined_batches_wes/msisensor.png Graphic file (type png)
<use ../results/combined_batches_wes/msisensor.png>
Package pdftex.def Info: ../results/combined_batches_wes/msisensor.png  used on input line 342.
(pdftex.def)             Requested size: 433.63217pt x 650.44826pt.

LaTeX Warning: Float too large for page by 34.57825pt on input line 347.

[11] [12 <../results/combined_batches_wes/oncoplot_CN.png (PNG copy)>] [13 <../results/combined_batches_wes/oncoplot_CN_cosmic.png (PNG copy)>] [14 <../results/combined_batches_wes/tmb_tissueOnly.png (PNG copy)>] [15 <../results/combined_batches_wes/tmb_OrganoidOnly.png (PNG copy)>] [16 <../results/combined_batches_wes/msisensor.png (PNG copy)>] (./results_discussion.aux)
Package rerunfilecheck Info: File `results_discussion.out' has not changed.
(rerunfilecheck)             Checksum: 6C65EB6BDA941B282A96587A46E7E365;2800.
 ) 
Here is how much of TeX's memory you used:
 12002 strings out of 477989
 192133 string characters out of 5839283
 1863346 words of memory out of 5000000
 31910 multiletter control sequences out of 15000+600000
 565740 words of font info for 77 fonts, out of 8000000 for 9000
 14 hyphenation exceptions out of 8191
 75i,11n,76p,663b,498s stack positions out of 10000i,1000n,20000p,200000b,200000s
{/home/kane/.TinyTeX/texmf-dist/fonts/enc/dvips/lm/lm-ts1.enc}{/home/kane/.TinyTeX/texmf-dist/fonts/enc/dvips/lm/lm-ec.enc}</home/kane/.TinyTeX/texmf-dist/fonts/type1/public/lm/lmbx10.pfb></home/kane/.TinyTeX/texmf-dist/fonts/type1/public/lm/lmbx12.pfb></home/kane/.TinyTeX/texmf-dist/fonts/type1/public/lm/lmr10.pfb></home/kane/.TinyTeX/texmf-dist/fonts/type1/public/lm/lmr12.pfb></home/kane/.TinyTeX/texmf-dist/fonts/type1/public/lm/lmr17.pfb></home/kane/.TinyTeX/texmf-dist/fonts/type1/public/lm/lmr6.pfb></home/kane/.TinyTeX/texmf-dist/fonts/type1/public/lm/lmr8.pfb></home/kane/.TinyTeX/texmf-dist/fonts/type1/public/lm/lmtt10.pfb>
Output written on results_discussion.pdf (16 pages, 5391351 bytes).
PDF statistics:
 267 PDF objects out of 1000 (max. 8388607)
 213 compressed objects within 3 object streams
 59 named destinations out of 1000 (max. 500000)
 170 words of extra memory for PDF output out of 10000 (max. 10000000)

